<?xml version="1.0" encoding="UTF-8"?>
<testng-results ignored="0" total="1" passed="1" failed="0" skipped="0">
  <reporter-output>
  </reporter-output>
  <suite started-at="2023-02-02T13:17:11 IST" name="Default suite" finished-at="2023-02-02T13:17:49 IST" duration-ms="37905">
    <groups>
    </groups>
    <test started-at="2023-02-02T13:17:11 IST" name="Default test" finished-at="2023-02-02T13:17:49 IST" duration-ms="37905">
      <class name="com.shopingcart.SubmitOrderTest">
        <test-method is-config="true" signature="launchApplication()[pri:0, instance:com.shopingcart.SubmitOrderTest@1a18644]" started-at="2023-02-02T13:17:11 IST" name="launchApplication" finished-at="2023-02-02T13:17:15 IST" duration-ms="4411" status="PASS">
          <reporter-output>
          </reporter-output>
        </test-method> <!-- launchApplication -->
        <test-method signature="submitOrder()[pri:0, instance:com.shopingcart.SubmitOrderTest@1a18644]" started-at="2023-02-02T13:17:15 IST" name="submitOrder" finished-at="2023-02-02T13:17:33 IST" duration-ms="17160" status="PASS">
          <reporter-output>
          </reporter-output>
        </test-method> <!-- submitOrder -->
        <test-method is-config="true" signature="tearDown()[pri:0, instance:com.shopingcart.SubmitOrderTest@1a18644]" started-at="2023-02-02T13:17:33 IST" name="tearDown" finished-at="2023-02-02T13:17:49 IST" duration-ms="16283" status="PASS">
          <reporter-output>
          </reporter-output>
        </test-method> <!-- tearDown -->
      </class> <!-- com.shopingcart.SubmitOrderTest -->
    </test> <!-- Default test -->
  </suite> <!-- Default suite -->
</testng-results>
